<?xml version="1.0" encoding="UTF-8"?>
<testsuite xmlns:xsi="http://www.w3.org/2001/XMLSchema-instance" xsi:noNamespaceSchemaLocation="https://maven.apache.org/surefire/maven-surefire-plugin/xsd/surefire-test-report-3.0.xsd" version="3.0" name="com.chackstyle.checkstyle.CheckstyleApplicationTests" time="3.359" tests="1" errors="0" skipped="0" failures="0">
  <properties>
[...]
</properties>
  <testcase name="contextLoads" classname="com.chackstyle.checkstyle.CheckstyleApplicationTests" time="1.109">
    <system-out><![CDATA[22:27:03.360 [main] INFO org.springframework.test.context.support.AnnotationConfigContextLoaderUtils -- Could not detect default configuration classes for test class [com.chackstyle.checkstyle.CheckstyleApplicationTests]: CheckstyleApplicationTests does not declare any static, non-private, non-final, nested classes annotated with @Configuration.
22:27:03.479 [main] INFO org.springframework.boot.test.context.SpringBootTestContextBootstrapper -- Found @SpringBootConfiguration com.chackstyle.checkstyle.CheckstyleApplication for test class com.chackstyle.checkstyle.CheckstyleApplicationTests

  .   ____          _            __ _ _
 /\\ / ___'_ __ _ _(_)_ __  __ _ \ \ \ \
( ( )\___ | '_ | '_| | '_ \/ _` | \ \ \ \
 \\/  ___)| |_)| | | | | || (_| |  ) ) ) )
  '  |____| .__|_| |_|_| |_\__, | / / / /
 =========|_|==============|___/=/_/_/_/
 :: Spring Boot ::                (v3.2.3)

2024-03-07T22:27:03.984+08:00  INFO 29723 --- [           main] c.c.c.CheckstyleApplicationTests         : Starting CheckstyleApplicationTests using Java 19.0.2 with PID 29723 (started by randasan in /Users/randasan/PersonalProjects/checkstyle/checkstyle)
2024-03-07T22:27:03.987+08:00  INFO 29723 --- [           main] c.c.c.CheckstyleApplicationTests         : No active profile set, falling back to 1 default profile: "default"
2024-03-07T22:27:05.359+08:00  INFO 29723 --- [           main] c.c.c.CheckstyleApplicationTests         : Started CheckstyleApplicationTests in 1.59 seconds (process running for 2.917)
]]></system-out>
  </testcase>
</testsuite>